<?xml version="1.0" encoding="UTF-8"?>
<!-- Generated by org.testng.reporters.JUnitReportReporter -->
<testsuite skipped="0" hostname="CNLMATHURAIVEER" name="samplemaven.example.Test2" tests="4" failures="0" timestamp="31 Jan 2019 11:13:37 GMT" time="0.014" errors="0">
  <testcase name="sample" time="0.003" classname="samplemaven.example.Test2"/>
  <testcase name="sample" time="0.005" classname="samplemaven.example.Test2"/>
  <testcase name="sample1" time="0.002" classname="samplemaven.example.Test2"/>
  <testcase name="sample1" time="0.004" classname="samplemaven.example.Test2"/>
</testsuite> <!-- samplemaven.example.Test2 -->
