<?xml version="1.0" encoding="UTF-8"?>
<!-- Generated by org.testng.reporters.JUnitReportReporter -->
<testsuite skipped="0" hostname="CNLMATHURAIVEER" name="samplemaven.example.TestCase" tests="1" failures="0" timestamp="01 Mar 2019 10:45:01 GMT" time="5.044" errors="0">
  <testcase name="ss" time="5.044" classname="samplemaven.example.TestCase"/>
</testsuite> <!-- samplemaven.example.TestCase -->
