<?xml version="1.0" encoding="UTF-8"?>
<!-- Generated by org.testng.reporters.JUnitReportReporter -->
<testsuite skipped="0" hostname="CNLMATHURAIVEER" name="samplemaven.utils.DataReader" tests="1" failures="0" timestamp="12 Feb 2019 07:53:16 GMT" time="0.694" errors="0">
  <testcase name="readData" time="0.694" classname="samplemaven.utils.DataReader"/>
</testsuite> <!-- samplemaven.utils.DataReader -->
