<?xml version="1.0" encoding="UTF-8"?>
<!-- Generated by org.testng.reporters.JUnitReportReporter -->
<testsuite skipped="0" hostname="mathu-pc" name="samplemaven.testcases.TC001_Login" tests="1" failures="0" timestamp="13 Mar 2019 13:42:42 GMT" time="8.437" errors="0">
  <testcase name="login" time="8.437" classname="samplemaven.testcases.TC001_Login"/>
</testsuite> <!-- samplemaven.testcases.TC001_Login -->
