<?xml version="1.0" encoding="UTF-8"?>
<!-- Generated by org.testng.reporters.JUnitReportReporter -->
<testsuite skipped="0" hostname="CNLMATHURAIVEER" name="samplemaven.utils.Reporter" tests="1" failures="0" timestamp="31 Jan 2019 14:40:31 GMT" time="0.823" errors="0">
  <testcase name="reports" time="0.823" classname="samplemaven.utils.Reporter"/>
</testsuite> <!-- samplemaven.utils.Reporter -->
