<?xml version="1.0" encoding="UTF-8"?>
<!-- Generated by org.testng.reporters.JUnitReportReporter -->
<testsuite skipped="0" hostname="mathu-pc" name="samplemaven.testcases.TC002_Login2" tests="1" failures="0" timestamp="13 Mar 2019 12:06:58 GMT" time="16.704" errors="0">
  <testcase name="login" time="16.704" classname="samplemaven.testcases.TC002_Login2"/>
</testsuite> <!-- samplemaven.testcases.TC002_Login2 -->
